<testsuite failures="0" name="src/test/java/FeatureFile/kafka1.feature" skipped="0" tests="1" time="0.478101">
  <testcase classname="src.test.java.FeatureFile.kafka1" name="Getting List of Topics &amp; specific topic" time="0.478101">
    <system-out>Given url "http://192.168.1.62:8082" ...................................... passed
Given path "/topics" ...................................................... passed
When method get ........................................................... passed
Then status 200 ........................................................... passed
* print response .......................................................... passed
* assert responseType == "json" ........................................... passed
* match response[1] contains "confluent" .................................. passed
* def topic = response[1] ................................................. passed
* print topic ............................................................. passed
Given path "/topics/" + topic ............................................. passed
When method get ........................................................... passed
Then status 200 ........................................................... passed
* print response .......................................................... passed
* assert response.name == topic ........................................... passed</system-out>
  </testcase>
</testsuite>
