<testsuite failures="0" name="src/test/java/FeatureFile/karare12.feature" skipped="0" tests="2" time="1.176911">
  <testcase classname="src.test.java.FeatureFile.karare12" name="DDT Testcase2" time="0.857486">
    <system-out>Given url "https://www.w3schools.com/xml/tempconvert.asmx/CelsiusToFahrenheit" . passed
And header Content-Type = "application/x-wwW-form-urlencoded" ............. passed
And request "Celsius=37" .................................................. passed
And method POST ........................................................... passed
And status 200 ............................................................ passed
* print responseType ...................................................... passed
* match response contains "98.6" .......................................... passed
* assert responseTime &lt;= 1000 ............................................. passed
* print responseTime ...................................................... passed
* print response .......................................................... passed</system-out>
  </testcase>
  <testcase classname="src.test.java.FeatureFile.karare12" name="DDT Testcase2" time="0.319424">
    <system-out>Given url "https://www.w3schools.com/xml/tempconvert.asmx/CelsiusToFahrenheit" . passed
And header Content-Type = "application/x-wwW-form-urlencoded" ............. passed
And request "Celsius=37" .................................................. passed
And method POST ........................................................... passed
And status 200 ............................................................ passed
* print responseType ...................................................... passed
* match response contains "98.6" .......................................... passed
* assert responseTime &lt;= 1000 ............................................. passed
* print responseTime ...................................................... passed
* print response .......................................................... passed
Given url "https://www.w3schools.com/xml/tempconvert.asmx/CelsiusToFahrenheit" . passed
And header Content-Type = "application/x-wwW-form-urlencoded" ............. passed
And request "Celsius=40" .................................................. passed
And method POST ........................................................... passed
And status 200 ............................................................ passed
* print responseType ...................................................... passed
* match response contains "104" ........................................... passed
* assert responseTime &lt;= 1000 ............................................. passed
* print responseTime ...................................................... passed
* print response .......................................................... passed</system-out>
  </testcase>
</testsuite>
