<testsuite failures="0" name="src/test/java/FeatureFile/karate14.feature" skipped="0" tests="1" time="0.029891">
  <testcase classname="src.test.java.FeatureFile.karate14" name="Non static method TC2" time="0.029891">
    <system-out>* def env2 = .............................................................. passed
* print env2() ............................................................ passed
* def res =  call env2 .................................................... passed
* print res ............................................................... passed</system-out>
  </testcase>
</testsuite>
