<testsuite failures="0" name="src/test/java/FeatureFile/karate09.feature" skipped="0" tests="1" time="1.169901">
  <testcase classname="src.test.java.FeatureFile.karate09" name="Soap API TestCase1" time="1.169901">
    <system-out>Given url "https://www.w3schools.com/xml/tempconvert.asmx" ................ passed
And header Content-Type = "text/xml;charset=utf-8" ........................ passed
And request read("soapinput.xml") ......................................... passed
When soap action "https://www.w3schools.com/xml/CelsiusToFahrenheit" ...... passed
Then status 200 ........................................................... passed
* print responseHeaders["Server"] ......................................... passed
* print responseHeaders["Server"][0] ...................................... passed</system-out>
  </testcase>
</testsuite>
