<testsuite failures="1" name="src/test/java/FeatureFile/karate04.feature" skipped="0" tests="1" time="1.130015">
  <testcase classname="src.test.java.FeatureFile.karate04" name="Soap API TestCase4" time="1.130015">
    <failure message="karate04.feature:95 - status code was: 500, expected: 200, response time: 730, url: http://www.dneonline.com//calculator.asmx, response: &lt;soap:Envelope xmlns:soap=&quot;http://schemas.xmlsoap.org/soap/envelope/&quot; xmlns:xsd=&quot;http://www.w3.org/2001/XMLSchema&quot; xmlns:xsi=&quot;http://www.w3.org/2001/XMLSchema-instance&quot;&gt;&lt;soap:Body&gt;&lt;soap:Fault&gt;&lt;faultcode&gt;soap:Client&lt;/faultcode&gt;&lt;faultstring&gt;System.Web.Services.Protocols.SoapException: Server did not recognize the value of HTTP Header SOAPAction: http://www.dneonline.com//calculator.asmx.&#13;&#10;   at System.Web.Services.Protocols.Soap11ServerProtocolHelper.RouteRequest()&#13;&#10;   at System.Web.Services.Protocols.SoapServerProtocol.RouteRequest(SoapServerMessage message)&#13;&#10;   at System.Web.Services.Protocols.SoapServerProtocol.Initialize()&#13;&#10;   at System.Web.Services.Protocols.ServerProtocol.SetContext(Type type, HttpContext context, HttpRequest request, HttpResponse response)&#13;&#10;   at System.Web.Services.Protocols.ServerProtocolFactory.Create(Type type, HttpContext context, HttpRequest request, HttpResponse response, Boolean&amp;amp; abortProcessing)&lt;/faultstring&gt;&lt;detail/&gt;&lt;/soap:Fault&gt;&lt;/soap:Body&gt;&lt;/soap:Envelope&gt;">Given url "http://www.dneonline.com//calculator.asmx" ..................... passed
And header Content-Type = "text/xml;charset=utf-8" ........................ passed
And request ............................................................... passed
When soap action "http://www.dneonline.com//calculator.asmx" .............. passed
Then status 200 ........................................................... failed

Stack Trace:
com.intuit.karate.exception.KarateException: karate04.feature:95 - status code was: 500, expected: 200, response time: 730, url: http://www.dneonline.com//calculator.asmx, response: &lt;soap:Envelope xmlns:soap="http://schemas.xmlsoap.org/soap/envelope/" xmlns:xsd="http://www.w3.org/2001/XMLSchema" xmlns:xsi="http://www.w3.org/2001/XMLSchema-instance"&gt;&lt;soap:Body&gt;&lt;soap:Fault&gt;&lt;faultcode&gt;soap:Client&lt;/faultcode&gt;&lt;faultstring&gt;System.Web.Services.Protocols.SoapException: Server did not recognize the value of HTTP Header SOAPAction: http://www.dneonline.com//calculator.asmx.&#13;
   at System.Web.Services.Protocols.Soap11ServerProtocolHelper.RouteRequest()&#13;
   at System.Web.Services.Protocols.SoapServerProtocol.RouteRequest(SoapServerMessage message)&#13;
   at System.Web.Services.Protocols.SoapServerProtocol.Initialize()&#13;
   at System.Web.Services.Protocols.ServerProtocol.SetContext(Type type, HttpContext context, HttpRequest request, HttpResponse response)&#13;
   at System.Web.Services.Protocols.ServerProtocolFactory.Create(Type type, HttpContext context, HttpRequest request, HttpResponse response, Boolean&amp;amp; abortProcessing)&lt;/faultstring&gt;&lt;detail/&gt;&lt;/soap:Fault&gt;&lt;/soap:Body&gt;&lt;/soap:Envelope&gt;&#13;
	at ✽.Then status 200 (karate04.feature:95)&#13;

* print responseHeaders["Server"] ......................................... skipped
* print response .......................................................... skipped
* print responseType ...................................................... skipped
* match responseType == "xml" ............................................. skipped
* match response contains "98.6" .......................................... skipped
* match response //CelsiusToFahrenheitResult == 98.6 ...................... skipped
* print responseTime ...................................................... skipped
* assert responseTime &lt;= 2000 ............................................. skipped</failure>
  </testcase>
</testsuite>
