<testsuite failures="0" name="src/test/java/FeatureFile/karate07.feature" skipped="0" tests="1" time="0.013683">
  <testcase classname="src.test.java.FeatureFile.karate07" name="karate data Type validation" time="0.013683">
    <system-out>* def a = 10 .............................................................. passed
* def b = "karate" ........................................................ passed
* def c = true ............................................................ passed
* match a == "#number" .................................................... passed
* match b == "#string" .................................................... passed
* match c == "#boolean" ................................................... passed</system-out>
  </testcase>
</testsuite>
