<testsuite failures="0" name="FeatureFile/karate01.feature" skipped="0" tests="3" time="0.011605">
  <testcase classname="FeatureFile.karate01" name="karate Test Casee1" time="0.009736">
    <system-out>Given def a = 10 .......................................................... passed
And def b = 20 ............................................................ passed
When def c = a + b ........................................................ passed
Then assert c == 30 ....................................................... passed
And print " c = ", c ...................................................... passed
And karate.log("end of the test") ......................................... passed</system-out>
  </testcase>
  <testcase classname="FeatureFile.karate01" name="karate Test Casee2" time="0.000923">
    <system-out>Given def a = 10 .......................................................... passed
And def b = 20 ............................................................ passed
When def c = a + b ........................................................ passed
Then assert c == 30 ....................................................... passed
And print " c = ", c ...................................................... passed
And karate.log("end of the test") ......................................... passed
Given def a = 10 .......................................................... passed
* def b = 20 .............................................................. passed
When def c = a + b ........................................................ passed
Then assert c == 30 ....................................................... passed
* print " c = ", c ........................................................ passed
* karate.log("end of the test") ........................................... passed</system-out>
  </testcase>
  <testcase classname="FeatureFile.karate01" name="karate Test Casee3" time="0.000946">
    <system-out>Given def a = 10 .......................................................... passed
And def b = 20 ............................................................ passed
When def c = a + b ........................................................ passed
Then assert c == 30 ....................................................... passed
And print " c = ", c ...................................................... passed
And karate.log("end of the test") ......................................... passed
Given def a = 10 .......................................................... passed
* def b = 20 .............................................................. passed
When def c = a + b ........................................................ passed
Then assert c == 30 ....................................................... passed
* print " c = ", c ........................................................ passed
* karate.log("end of the test") ........................................... passed
* def a = 10 .............................................................. passed
* def b = 20 .............................................................. passed
* def c = a + b ........................................................... passed
* assert c == 30 .......................................................... passed
* print " c = ", c ........................................................ passed
* karate.log("end of the test") ........................................... passed</system-out>
  </testcase>
</testsuite>
