<testsuite failures="0" name="FeatureFile/karate13.feature" skipped="0" tests="1" time="0.009516">
  <testcase classname="FeatureFile.karate13" name="Javascript function test case1" time="0.009516">
    <system-out>* def fn1 = function(){return 123;} ....................................... passed
* def fn2 = ............................................................... passed
* print fn1() ............................................................. passed
* fn2(33) ................................................................. passed</system-out>
  </testcase>
</testsuite>
