<testsuite failures="0" name="FeatureFile/karate08.feature" skipped="0" tests="1" time="0.011071">
  <testcase classname="FeatureFile.karate08" name="karate regular expretion validation test case" time="0.011071">
    <system-out>* def a = "10" ............................................................ passed
* def b = "Karate" ........................................................ passed
* def c = "Karate FrameWork training" ..................................... passed
* match a == "#regex [0-9]+" .............................................. passed
* match a == "#regex \\d+" ................................................ passed
* match b == "#regex \\w+" ................................................ passed
* match b == "#regex [A-Z]+[a-z]+" ........................................ passed
* match c == "#regex [A-Za-z\\s?]+" ....................................... passed
* match c == "#regex (\\w+\\s?)+" ......................................... passed</system-out>
  </testcase>
</testsuite>
