<testsuite failures="4" name="FeatureFile/karateDb.feature" skipped="0" tests="4" time="0.209163">
  <testcase classname="FeatureFile.karateDb" name="select stmt test case" time="0.140984">
    <failure message="karateDb.feature:12 - path: $, actual: '', expected: 'Karate', reason: not a sub-string">* def db = Java.type('misc.MyDb') ......................................... passed
* def rows = db.selectStatement("select * from tools") .................... passed
* print rows .............................................................. passed
* match rows contains "Karate" ............................................ failed

Stack Trace:
com.intuit.karate.exception.KarateException: karateDb.feature:12 - path: $, actual: '', expected: 'Karate', reason: not a sub-string&#13;
	at ✽.* match rows contains "Karate" (karateDb.feature:12)</failure>
  </testcase>
  <testcase classname="FeatureFile.karateDb" name="insert stmt test case" time="0.022923">
    <failure message="karateDb.feature:19 - path: $, actual: 'Exception: Login failed for user 'sa'. ClientConnectionId:771712ca-9e4d-4d1d-ab81-cb0cf08564c2', expected: 'Success', reason: not equal">* def db = Java.type('misc.MyDb') ......................................... passed
* def rows = db.selectStatement("select * from tools") .................... passed
* print rows .............................................................. passed
* match rows contains "Karate" ............................................ failed

Stack Trace:
com.intuit.karate.exception.KarateException: karateDb.feature:12 - path: $, actual: '', expected: 'Karate', reason: not a sub-string&#13;
	at ✽.* match rows contains "Karate" (karateDb.feature:12)&#13;

* def db = Java.type('misc.MyDb') ......................................... passed
* def res = db.insertStatement("Insert into tools values(4567,'sample2','xyz')") . passed
* print res ............................................................... passed
* match res == 'Success' .................................................. failed

Stack Trace:
com.intuit.karate.exception.KarateException: karateDb.feature:19 - path: $, actual: 'Exception: Login failed for user 'sa'. ClientConnectionId:771712ca-9e4d-4d1d-ab81-cb0cf08564c2', expected: 'Success', reason: not equal&#13;
	at ✽.* match res == 'Success' (karateDb.feature:19)</failure>
  </testcase>
  <testcase classname="FeatureFile.karateDb" name="update stmt test case" time="0.023855">
    <failure message="karateDb.feature:25 - assert evaluated to false: rowsAffected &gt;= 1">* def db = Java.type('misc.MyDb') ......................................... passed
* def rows = db.selectStatement("select * from tools") .................... passed
* print rows .............................................................. passed
* match rows contains "Karate" ............................................ failed

Stack Trace:
com.intuit.karate.exception.KarateException: karateDb.feature:12 - path: $, actual: '', expected: 'Karate', reason: not a sub-string&#13;
	at ✽.* match rows contains "Karate" (karateDb.feature:12)&#13;

* def db = Java.type('misc.MyDb') ......................................... passed
* def res = db.insertStatement("Insert into tools values(4567,'sample2','xyz')") . passed
* print res ............................................................... passed
* match res == 'Success' .................................................. failed

Stack Trace:
com.intuit.karate.exception.KarateException: karateDb.feature:19 - path: $, actual: 'Exception: Login failed for user 'sa'. ClientConnectionId:771712ca-9e4d-4d1d-ab81-cb0cf08564c2', expected: 'Success', reason: not equal&#13;
	at ✽.* match res == 'Success' (karateDb.feature:19)&#13;

* def db = Java.type('misc.MyDb') ......................................... passed
* def rowsAffected = db.updateStatement("update tools set name='sample3' where Id=30") . passed
* print rowsAffected ...................................................... passed
* assert rowsAffected &gt;= 1 ................................................ failed

Stack Trace:
com.intuit.karate.exception.KarateException: karateDb.feature:25 - assert evaluated to false: rowsAffected &gt;= 1&#13;
	at ✽.* assert rowsAffected &gt;= 1 (karateDb.feature:25)</failure>
  </testcase>
  <testcase classname="FeatureFile.karateDb" name="delete stmt test case" time="0.021401">
    <failure message="karateDb.feature:31 - assert evaluated to false: rowsAffected &gt;= 1">* def db = Java.type('misc.MyDb') ......................................... passed
* def rows = db.selectStatement("select * from tools") .................... passed
* print rows .............................................................. passed
* match rows contains "Karate" ............................................ failed

Stack Trace:
com.intuit.karate.exception.KarateException: karateDb.feature:12 - path: $, actual: '', expected: 'Karate', reason: not a sub-string&#13;
	at ✽.* match rows contains "Karate" (karateDb.feature:12)&#13;

* def db = Java.type('misc.MyDb') ......................................... passed
* def res = db.insertStatement("Insert into tools values(4567,'sample2','xyz')") . passed
* print res ............................................................... passed
* match res == 'Success' .................................................. failed

Stack Trace:
com.intuit.karate.exception.KarateException: karateDb.feature:19 - path: $, actual: 'Exception: Login failed for user 'sa'. ClientConnectionId:771712ca-9e4d-4d1d-ab81-cb0cf08564c2', expected: 'Success', reason: not equal&#13;
	at ✽.* match res == 'Success' (karateDb.feature:19)&#13;

* def db = Java.type('misc.MyDb') ......................................... passed
* def rowsAffected = db.updateStatement("update tools set name='sample3' where Id=30") . passed
* print rowsAffected ...................................................... passed
* assert rowsAffected &gt;= 1 ................................................ failed

Stack Trace:
com.intuit.karate.exception.KarateException: karateDb.feature:25 - assert evaluated to false: rowsAffected &gt;= 1&#13;
	at ✽.* assert rowsAffected &gt;= 1 (karateDb.feature:25)&#13;

* def db = Java.type('misc.MyDb') ......................................... passed
* def rowsAffected = db.deleteStatement("delete from tools where lId=30") . passed
* print rowsAffected ...................................................... passed
* assert rowsAffected &gt;= 1 ................................................ failed

Stack Trace:
com.intuit.karate.exception.KarateException: karateDb.feature:31 - assert evaluated to false: rowsAffected &gt;= 1&#13;
	at ✽.* assert rowsAffected &gt;= 1 (karateDb.feature:31)</failure>
  </testcase>
</testsuite>
