<testsuite failures="0" name="FeatureFile/karate06.feature" skipped="0" tests="1" time="0.003654">
  <testcase classname="FeatureFile.karate06" name="karate logical operator validation" time="0.003654">
    <system-out>Given def a = 10 .......................................................... passed
And def b = 20 ............................................................ passed
* assert a == 10 &amp;&amp; b==20 ................................................. passed</system-out>
  </testcase>
</testsuite>
