<testsuite failures="0" name="FeatureFile/calledfeature.feature" skipped="0" tests="1" time="0.43313">
  <testcase classname="FeatureFile.calledfeature" name="calledFeature testcase1" time="0.43313">
    <system-out>Given url "https://www.w3schools.com/xml/tempconvert.asmx/CelsiusToFahrenheit" . passed
And header Content-Type = "application/x-wwW-form-urlencoded" ............. passed
And request "Celsius=40" .................................................. passed
And method POST ........................................................... passed
And status 200 ............................................................ passed
* print responseType ...................................................... passed
* match response contains "104" ........................................... passed
* assert responseTime &lt;= 1000 ............................................. passed
* print responseTime ...................................................... passed
* print response .......................................................... passed</system-out>
  </testcase>
</testsuite>
